INFO 2025-04-04 20:40:15,189 autoreload 91231 8157100096 Watching for file changes with StatReloader
WARNING 2025-04-04 20:40:31,750 log 91231 6133559296 Not Found: /
WARNING 2025-04-04 20:40:31,751 basehttp 91231 6133559296 "GET / HTTP/1.1" 404 2183
WARNING 2025-04-04 20:40:32,154 log 91231 6133559296 Not Found: /favicon.ico
WARNING 2025-04-04 20:40:32,155 basehttp 91231 6133559296 "GET /favicon.ico HTTP/1.1" 404 2234
INFO 2025-04-04 20:40:45,838 basehttp 91231 6133559296 "GET /admin HTTP/1.1" 301 0
INFO 2025-04-04 20:40:45,858 basehttp 91231 6150385664 "GET /admin/ HTTP/1.1" 302 0
INFO 2025-04-04 20:40:45,904 basehttp 91231 6150385664 "GET /admin/login/?next=/admin/ HTTP/1.1" 200 4181
INFO 2025-04-04 20:40:46,005 basehttp 91231 6133559296 "GET /static/admin/css/dark_mode.css HTTP/1.1" 200 2929
INFO 2025-04-04 20:40:46,020 basehttp 91231 6150385664 "GET /static/admin/css/base.css HTTP/1.1" 200 21310
INFO 2025-04-04 20:40:46,021 basehttp 91231 6200864768 "GET /static/admin/css/responsive.css HTTP/1.1" 200 18559
INFO 2025-04-04 20:40:46,110 basehttp 91231 6200864768 "GET /static/admin/js/theme.js HTTP/1.1" 200 1943
INFO 2025-04-04 20:40:46,111 basehttp 91231 6184038400 "GET /static/admin/css/login.css HTTP/1.1" 200 958
INFO 2025-04-04 20:40:46,113 basehttp 91231 6167212032 "GET /static/admin/css/nav_sidebar.css HTTP/1.1" 200 2694
INFO 2025-04-04 20:40:46,124 basehttp 91231 6150385664 "GET /static/admin/js/nav_sidebar.js HTTP/1.1" 200 3063
INFO 2025-04-04 20:40:52,273 basehttp 91231 6133559296 "POST /admin/login/?next=/admin/ HTTP/1.1" 302 0
INFO 2025-04-04 20:40:52,299 basehttp 91231 6133559296 "GET /admin/ HTTP/1.1" 200 9044
INFO 2025-04-04 20:40:52,339 basehttp 91231 6133559296 "GET /static/admin/css/dashboard.css HTTP/1.1" 200 441
INFO 2025-04-04 20:40:52,350 basehttp 91231 6150385664 "GET /static/admin/img/icon-addlink.svg HTTP/1.1" 200 331
INFO 2025-04-04 20:40:52,351 basehttp 91231 6167212032 "GET /static/admin/img/icon-changelink.svg HTTP/1.1" 200 380
WARNING 2025-04-04 20:41:16,613 log 91231 6133559296 Not Found: /api/auth
WARNING 2025-04-04 20:41:16,615 basehttp 91231 6133559296 "GET /api/auth HTTP/1.1" 404 2225
WARNING 2025-04-04 20:41:30,433 log 91231 6133559296 Not Found: /api/auth/
WARNING 2025-04-04 20:41:30,434 basehttp 91231 6133559296 "GET /api/auth/ HTTP/1.1" 404 4229
INFO 2025-04-04 20:43:32,578 autoreload 93377 8157100096 Watching for file changes with StatReloader
WARNING 2025-04-04 20:43:44,638 log 93377 6166360064 Not Found: /api/auth/
WARNING 2025-04-04 20:43:44,640 basehttp 93377 6166360064 "GET /api/auth/ HTTP/1.1" 404 4229
INFO 2025-04-04 20:45:09,444 autoreload 94964 8157100096 Watching for file changes with StatReloader
INFO 2025-04-04 20:45:14,407 basehttp 94964 6200455168 "GET /api/auth/ HTTP/1.1" 200 970
INFO 2025-04-04 20:45:19,512 basehttp 94964 6200455168 "POST /api/auth/register/ HTTP/1.1" 201 118
INFO 2025-04-04 20:45:24,064 basehttp 94964 6200455168 "POST /api/auth/login/ HTTP/1.1" 200 684
INFO 2025-04-04 20:45:34,219 basehttp 94964 6200455168 "POST /api/auth/logout/ HTTP/1.1" 200 31
INFO 2025-04-04 20:45:51,786 basehttp 94964 6200455168 "GET /api/auth/ HTTP/1.1" 200 7609
INFO 2025-04-04 20:45:51,841 basehttp 94964 6217281536 "GET /static/rest_framework/css/bootstrap-tweaks.css HTTP/1.1" 200 3385
INFO 2025-04-04 20:45:51,842 basehttp 94964 6250934272 "GET /static/rest_framework/css/default.css HTTP/1.1" 200 1152
INFO 2025-04-04 20:45:51,844 basehttp 94964 6284587008 "GET /static/rest_framework/js/ajax-form.js HTTP/1.1" 200 3597
INFO 2025-04-04 20:45:51,846 basehttp 94964 6234107904 "GET /static/rest_framework/css/prettify.css HTTP/1.1" 200 817
INFO 2025-04-04 20:45:51,851 basehttp 94964 6217281536 "GET /static/rest_framework/js/csrf.js HTTP/1.1" 200 1719
INFO 2025-04-04 20:45:51,853 basehttp 94964 6234107904 "GET /static/rest_framework/js/default.js HTTP/1.1" 200 1268
INFO 2025-04-04 20:45:51,855 basehttp 94964 6284587008 "GET /static/rest_framework/js/prettify-min.js HTTP/1.1" 200 13632
INFO 2025-04-04 20:45:51,855 basehttp 94964 6267760640 "GET /static/rest_framework/js/jquery-3.5.1.min.js HTTP/1.1" 200 89476
INFO 2025-04-04 20:45:51,855 basehttp 94964 6250934272 "GET /static/rest_framework/js/bootstrap.min.js HTTP/1.1" 200 39680
INFO 2025-04-04 20:45:51,855 basehttp 94964 6200455168 "GET /static/rest_framework/css/bootstrap.min.css HTTP/1.1" 200 121457
INFO 2025-04-04 20:45:51,863 basehttp 94964 6200455168 "GET /static/rest_framework/img/grid.png HTTP/1.1" 200 1458
INFO 2025-04-04 20:47:31,859 basehttp 94964 6200455168 "GET /admin/users/user/ HTTP/1.1" 200 14289
INFO 2025-04-04 20:47:31,931 basehttp 94964 6250934272 "GET /static/admin/js/jquery.init.js HTTP/1.1" 200 347
INFO 2025-04-04 20:47:31,945 basehttp 94964 6200455168 "GET /static/admin/css/changelists.css HTTP/1.1" 200 6566
INFO 2025-04-04 20:47:31,989 basehttp 94964 6250934272 "GET /static/admin/css/base.css HTTP/1.1" 304 0
INFO 2025-04-04 20:47:31,990 basehttp 94964 6200455168 "GET /static/admin/css/dark_mode.css HTTP/1.1" 304 0
INFO 2025-04-04 20:47:31,993 basehttp 94964 6267760640 "GET /static/admin/js/core.js HTTP/1.1" 200 5682
INFO 2025-04-04 20:47:31,999 basehttp 94964 6217281536 "GET /admin/jsi18n/ HTTP/1.1" 200 3343
INFO 2025-04-04 20:47:31,999 basehttp 94964 6250934272 "GET /static/admin/css/nav_sidebar.css HTTP/1.1" 304 0
INFO 2025-04-04 20:47:32,007 basehttp 94964 6200455168 "GET /static/admin/css/responsive.css HTTP/1.1" 304 0
INFO 2025-04-04 20:47:32,009 basehttp 94964 6267760640 "GET /static/admin/js/actions.js HTTP/1.1" 200 7872
INFO 2025-04-04 20:47:32,014 basehttp 94964 6250934272 "GET /static/admin/js/prepopulate.js HTTP/1.1" 200 1531
INFO 2025-04-04 20:47:32,016 basehttp 94964 6284587008 "GET /static/admin/js/admin/RelatedObjectLookups.js HTTP/1.1" 200 8943
INFO 2025-04-04 20:47:32,018 basehttp 94964 6217281536 "GET /static/admin/js/urlify.js HTTP/1.1" 200 7887
INFO 2025-04-04 20:47:32,019 basehttp 94964 6267760640 "GET /static/admin/img/search.svg HTTP/1.1" 200 458
INFO 2025-04-04 20:47:32,021 basehttp 94964 6284587008 "GET /static/admin/img/icon-yes.svg HTTP/1.1" 200 436
INFO 2025-04-04 20:47:32,024 basehttp 94964 6267760640 "GET /static/admin/img/icon-no.svg HTTP/1.1" 200 560
INFO 2025-04-04 20:47:32,026 basehttp 94964 6234107904 "GET /static/admin/js/vendor/jquery/jquery.js HTTP/1.1" 200 292458
INFO 2025-04-04 20:47:32,027 basehttp 94964 6200455168 "GET /static/admin/js/vendor/xregexp/xregexp.js HTTP/1.1" 200 232381
INFO 2025-04-04 20:47:32,037 basehttp 94964 6200455168 "GET /static/admin/js/theme.js HTTP/1.1" 304 0
INFO 2025-04-04 20:47:32,044 basehttp 94964 6234107904 "GET /static/admin/js/nav_sidebar.js HTTP/1.1" 304 0
INFO 2025-04-04 20:47:32,045 basehttp 94964 6200455168 "GET /static/admin/js/filters.js HTTP/1.1" 200 978
INFO 2025-04-04 20:47:32,056 basehttp 94964 6267760640 "GET /static/admin/img/icon-addlink.svg HTTP/1.1" 304 0
INFO 2025-04-04 20:47:32,056 basehttp 94964 6200455168 "GET /static/admin/img/tooltag-add.svg HTTP/1.1" 200 331
INFO 2025-04-04 20:47:32,056 basehttp 94964 6234107904 "GET /static/admin/img/sorting-icons.svg HTTP/1.1" 200 1097
INFO 2025-04-04 20:47:37,259 basehttp 94964 6200455168 "GET /admin/users/user/e5d9af50-ea9c-44bd-b3e0-600591fead23/change/ HTTP/1.1" 200 47478
INFO 2025-04-04 20:47:37,321 basehttp 94964 6200455168 "GET /static/admin/css/forms.css HTTP/1.1" 200 9090
INFO 2025-04-04 20:47:37,325 basehttp 94964 6234107904 "GET /static/admin/js/calendar.js HTTP/1.1" 200 8466
INFO 2025-04-04 20:47:37,325 basehttp 94964 6250934272 "GET /static/admin/js/admin/DateTimeShortcuts.js HTTP/1.1" 200 19319
INFO 2025-04-04 20:47:37,326 basehttp 94964 6284587008 "GET /static/admin/js/SelectBox.js HTTP/1.1" 200 4530
INFO 2025-04-04 20:47:37,326 basehttp 94964 6267760640 "GET /static/admin/js/inlines.js HTTP/1.1" 200 15526
INFO 2025-04-04 20:47:37,366 basehttp 94964 6217281536 "GET /admin/jsi18n/ HTTP/1.1" 200 3343
INFO 2025-04-04 20:47:37,367 basehttp 94964 6284587008 "GET /static/admin/img/icon-deletelink.svg HTTP/1.1" 200 392
INFO 2025-04-04 20:47:37,367 basehttp 94964 6250934272 "GET /static/admin/img/icon-changelink.svg HTTP/1.1" 304 0
INFO 2025-04-04 20:47:37,367 basehttp 94964 6267760640 "GET /static/admin/css/widgets.css HTTP/1.1" 200 11921
INFO 2025-04-04 20:47:37,375 basehttp 94964 6200455168 "GET /static/admin/js/SelectFilter2.js HTTP/1.1" 200 15292
INFO 2025-04-04 20:47:37,377 basehttp 94964 6267760640 "GET /static/admin/js/prepopulate_init.js HTTP/1.1" 200 586
INFO 2025-04-04 20:47:37,382 basehttp 94964 6200455168 "GET /static/admin/js/change_form.js HTTP/1.1" 200 606
INFO 2025-04-04 20:47:37,382 basehttp 94964 6267760640 "GET /static/admin/img/icon-viewlink.svg HTTP/1.1" 200 581
INFO 2025-04-04 20:47:37,506 basehttp 94964 6250934272 "GET /static/admin/img/selector-icons.svg HTTP/1.1" 200 3291
INFO 2025-04-04 20:47:37,507 basehttp 94964 6217281536 "GET /static/admin/img/icon-unknown-alt.svg HTTP/1.1" 200 655
INFO 2025-04-04 20:47:37,507 basehttp 94964 6200455168 "GET /static/admin/img/icon-clock.svg HTTP/1.1" 200 677
INFO 2025-04-04 20:47:37,508 basehttp 94964 6267760640 "GET /static/admin/img/icon-calendar.svg HTTP/1.1" 200 1086
INFO 2025-04-04 20:47:37,591 basehttp 94964 6284587008 "GET /static/admin/img/icon-unknown.svg HTTP/1.1" 200 655
INFO 2025-04-04 20:49:54,278 autoreload 94964 8157100096 /Users/dev2/Documents/Productivity Software/productivity_software/productivity_software/settings.py changed, reloading.
INFO 2025-04-04 20:49:56,212 autoreload 97658 8157100096 Watching for file changes with StatReloader
INFO 2025-04-04 20:50:06,499 autoreload 97658 8157100096 /Users/dev2/Documents/Productivity Software/productivity_software/productivity_software/urls.py changed, reloading.
INFO 2025-04-04 20:50:06,920 autoreload 97765 8157100096 Watching for file changes with StatReloader
INFO 2025-04-04 20:50:26,406 autoreload 97765 8157100096 /Users/dev2/Documents/Productivity Software/productivity_software/authentication/views.py changed, reloading.
INFO 2025-04-04 20:50:26,927 autoreload 97935 8157100096 Watching for file changes with StatReloader
INFO 2025-04-04 20:50:38,934 autoreload 98427 8157100096 Watching for file changes with StatReloader
INFO 2025-04-04 20:50:44,878 basehttp 97935 6168719360 "HEAD /api/docs/ HTTP/1.1" 200 0
INFO 2025-04-04 20:51:22,525 basehttp 97935 6168719360 "GET /api/auth/ HTTP/1.1" 200 7609
INFO 2025-04-04 20:51:22,605 basehttp 97935 6185545728 "GET /static/rest_framework/css/bootstrap-tweaks.css HTTP/1.1" 304 0
INFO 2025-04-04 20:51:22,608 basehttp 97935 6202372096 "GET /static/rest_framework/css/bootstrap.min.css HTTP/1.1" 304 0
INFO 2025-04-04 20:51:22,610 basehttp 97935 6168719360 "GET /static/rest_framework/js/jquery-3.5.1.min.js HTTP/1.1" 304 0
INFO 2025-04-04 20:51:22,611 basehttp 97935 6185545728 "GET /static/rest_framework/js/ajax-form.js HTTP/1.1" 304 0
INFO 2025-04-04 20:51:22,611 basehttp 97935 6236024832 "GET /static/rest_framework/css/prettify.css HTTP/1.1" 304 0
INFO 2025-04-04 20:51:22,611 basehttp 97935 6219198464 "GET /static/rest_framework/js/csrf.js HTTP/1.1" 304 0
INFO 2025-04-04 20:51:22,611 basehttp 97935 6252851200 "GET /static/rest_framework/css/default.css HTTP/1.1" 304 0
INFO 2025-04-04 20:51:22,611 basehttp 97935 6202372096 "GET /static/rest_framework/js/bootstrap.min.js HTTP/1.1" 304 0
INFO 2025-04-04 20:51:22,612 basehttp 97935 6168719360 "GET /static/rest_framework/js/default.js HTTP/1.1" 304 0
INFO 2025-04-04 20:51:22,614 basehttp 97935 6185545728 "GET /static/rest_framework/js/prettify-min.js HTTP/1.1" 304 0
INFO 2025-04-04 20:51:22,625 basehttp 97935 6185545728 "GET /static/rest_framework/img/grid.png HTTP/1.1" 304 0
INFO 2025-04-04 20:51:25,538 basehttp 97935 6185545728 "GET /api/docs/ HTTP/1.1" 200 4467
INFO 2025-04-04 20:51:26,631 basehttp 97935 6168719360 "GET /api/schema/ HTTP/1.1" 200 17317
WARNING 2025-04-04 20:55:24,398 log 1659 8157100096 Bad Request: /api/auth/register/
WARNING 2025-04-04 20:55:24,403 log 1659 8157100096 Bad Request: /api/auth/register/
WARNING 2025-04-04 20:55:25,095 log 1659 8157100096 Unauthorized: /api/auth/login/
WARNING 2025-04-04 20:55:25,281 log 1659 8157100096 Forbidden: /api/auth/login/
WARNING 2025-04-04 20:55:25,652 log 1659 8157100096 Unauthorized: /api/auth/login/
WARNING 2025-04-04 20:55:27,216 log 1659 8157100096 Unauthorized: /api/auth/token/refresh/
WARNING 2025-04-04 20:55:27,609 log 1659 8157100096 Bad Request: /api/auth/logout/
WARNING 2025-04-04 20:55:28,438 log 1659 8157100096 Bad Request: /api/auth/password/reset/confirm/
INFO 2025-04-04 20:57:36,107 basehttp 97935 6168719360 "GET /api/docs/ HTTP/1.1" 200 4467
INFO 2025-04-04 20:57:36,362 basehttp 97935 6168719360 "GET /api/schema/ HTTP/1.1" 200 17317
INFO 2025-04-04 20:57:41,772 basehttp 97935 6168719360 "GET /api/auth/ HTTP/1.1" 200 7609
INFO 2025-04-04 20:57:41,930 basehttp 97935 6168719360 "GET /static/rest_framework/css/bootstrap.min.css HTTP/1.1" 304 0
INFO 2025-04-04 20:57:41,970 basehttp 97935 6202372096 "GET /static/rest_framework/css/prettify.css HTTP/1.1" 304 0
INFO 2025-04-04 20:57:42,042 basehttp 97935 6185545728 "GET /static/rest_framework/css/bootstrap-tweaks.css HTTP/1.1" 304 0
INFO 2025-04-04 20:57:42,044 basehttp 97935 6202372096 "GET /static/rest_framework/js/bootstrap.min.js HTTP/1.1" 304 0
INFO 2025-04-04 20:57:42,057 basehttp 97935 6219198464 "GET /static/rest_framework/css/default.css HTTP/1.1" 304 0
INFO 2025-04-04 20:57:42,080 basehttp 97935 6252851200 "GET /static/rest_framework/js/ajax-form.js HTTP/1.1" 304 0
INFO 2025-04-04 20:57:42,101 basehttp 97935 6168719360 "GET /static/rest_framework/js/csrf.js HTTP/1.1" 304 0
INFO 2025-04-04 20:57:42,105 basehttp 97935 6185545728 "GET /static/rest_framework/js/prettify-min.js HTTP/1.1" 304 0
INFO 2025-04-04 20:57:42,113 basehttp 97935 6202372096 "GET /static/rest_framework/js/default.js HTTP/1.1" 304 0
INFO 2025-04-04 20:57:42,126 basehttp 97935 6219198464 "GET /static/rest_framework/img/grid.png HTTP/1.1" 304 0
INFO 2025-04-04 20:57:42,132 basehttp 97935 6236024832 "GET /static/rest_framework/js/jquery-3.5.1.min.js HTTP/1.1" 304 0
INFO 2025-04-04 21:00:02,185 autoreload 97935 8157100096 /Users/dev2/Documents/Productivity Software/productivity_software/productivity_software/settings.py changed, reloading.
INFO 2025-04-04 21:00:02,842 autoreload 4048 8157100096 Watching for file changes with StatReloader
INFO 2025-04-04 21:02:20,619 autoreload 4048 8157100096 /Users/dev2/Documents/Productivity Software/productivity_software/productivity_software/settings.py changed, reloading.
INFO 2025-04-04 21:02:21,023 autoreload 5312 8157100096 Watching for file changes with StatReloader
INFO 2025-04-04 21:03:50,949 autoreload 5312 8157100096 /Users/dev2/Documents/Productivity Software/productivity_software/productivity_software/settings.py changed, reloading.
INFO 2025-04-04 21:03:51,325 autoreload 6091 8157100096 Watching for file changes with StatReloader
INFO 2025-04-04 21:03:59,646 autoreload 6091 8157100096 /Users/dev2/Documents/Productivity Software/productivity_software/productivity_software/settings.py changed, reloading.
INFO 2025-04-04 21:04:00,048 autoreload 6179 8157100096 Watching for file changes with StatReloader
INFO 2025-04-04 21:07:02,974 autoreload 6179 8157100096 /Users/dev2/Documents/Productivity Software/productivity_software/productivity_software/settings.py changed, reloading.
INFO 2025-04-04 21:07:03,393 autoreload 7847 8157100096 Watching for file changes with StatReloader
INFO 2025-04-04 21:08:02,117 autoreload 7847 8157100096 /Users/dev2/Documents/Productivity Software/productivity_software/productivity_software/settings.py changed, reloading.
INFO 2025-04-04 21:08:08,178 autoreload 8409 8157100096 Watching for file changes with StatReloader
WARNING 2025-04-04 21:08:24,616 log 8624 8157100096 Bad Request: /api/auth/register/
WARNING 2025-04-04 21:08:24,631 log 8624 8157100096 Bad Request: /api/auth/register/
WARNING 2025-04-04 21:08:25,734 log 8624 8157100096 Unauthorized: /api/auth/login/
WARNING 2025-04-04 21:08:26,262 log 8624 8157100096 Forbidden: /api/auth/login/
WARNING 2025-04-04 21:08:27,128 log 8624 8157100096 Unauthorized: /api/auth/login/
WARNING 2025-04-04 21:08:30,299 log 8624 8157100096 Unauthorized: /api/auth/token/refresh/
INFO 2025-04-04 21:08:30,519 basehttp 8409 6165278720 "GET /api/auth/ HTTP/1.1" 200 7575
INFO 2025-04-04 21:08:30,707 basehttp 8409 12918534144 "GET /static/rest_framework/css/prettify.css HTTP/1.1" 304 0
INFO 2025-04-04 21:08:30,711 basehttp 8409 6165278720 "GET /static/rest_framework/css/bootstrap-tweaks.css HTTP/1.1" 304 0
INFO 2025-04-04 21:08:30,717 basehttp 8409 12935360512 "GET /static/rest_framework/css/default.css HTTP/1.1" 304 0
INFO 2025-04-04 21:08:30,723 basehttp 8409 6165278720 "GET /static/rest_framework/js/bootstrap.min.js HTTP/1.1" 304 0
INFO 2025-04-04 21:08:30,725 basehttp 8409 12935360512 "GET /static/rest_framework/js/prettify-min.js HTTP/1.1" 304 0
INFO 2025-04-04 21:08:30,726 basehttp 8409 12901707776 "GET /static/rest_framework/css/bootstrap.min.css HTTP/1.1" 304 0
INFO 2025-04-04 21:08:30,730 basehttp 8409 12918534144 "GET /static/rest_framework/js/csrf.js HTTP/1.1" 304 0
INFO 2025-04-04 21:08:30,731 basehttp 8409 12952186880 "GET /static/rest_framework/js/jquery-3.5.1.min.js HTTP/1.1" 304 0
INFO 2025-04-04 21:08:30,736 basehttp 8409 12969013248 "GET /static/rest_framework/js/ajax-form.js HTTP/1.1" 304 0
INFO 2025-04-04 21:08:30,736 basehttp 8409 12901707776 "GET /static/rest_framework/js/default.js HTTP/1.1" 304 0
INFO 2025-04-04 21:08:30,750 basehttp 8409 12952186880 "GET /static/rest_framework/img/grid.png HTTP/1.1" 304 0
WARNING 2025-04-04 21:08:32,468 log 8624 8157100096 Bad Request: /api/auth/logout/
INFO 2025-04-04 21:08:32,917 basehttp 8409 6165278720 "GET /api/docs/ HTTP/1.1" 200 4467
INFO 2025-04-04 21:08:32,918 basehttp 8409 6165278720 - Broken pipe from ('127.0.0.1', 64271)
INFO 2025-04-04 21:08:33,647 basehttp 8409 12901707776 "GET /api/docs/ HTTP/1.1" 200 4467
INFO 2025-04-04 21:08:34,246 basehttp 8409 12901707776 "GET /api/schema/ HTTP/1.1" 200 17317
WARNING 2025-04-04 21:08:35,580 log 8624 8157100096 Bad Request: /api/auth/password/reset/confirm/
INFO 2025-04-04 21:08:37,559 basehttp 8409 6165278720 "GET /admin/users/user/ HTTP/1.1" 302 0
INFO 2025-04-04 21:08:37,630 basehttp 8409 6165278720 "GET /admin/login/?next=/admin/users/user/ HTTP/1.1" 200 4203
INFO 2025-04-04 21:08:37,702 basehttp 8409 12918534144 "GET /static/admin/css/dark_mode.css HTTP/1.1" 304 0
INFO 2025-04-04 21:08:37,705 basehttp 8409 12901707776 "GET /static/admin/css/nav_sidebar.css HTTP/1.1" 304 0
INFO 2025-04-04 21:08:37,733 basehttp 8409 6165278720 "GET /static/admin/css/base.css HTTP/1.1" 304 0
INFO 2025-04-04 21:08:37,799 basehttp 8409 12935360512 "GET /static/admin/css/login.css HTTP/1.1" 304 0
INFO 2025-04-04 21:08:37,872 basehttp 8409 12952186880 "GET /static/admin/css/responsive.css HTTP/1.1" 304 0
INFO 2025-04-04 21:08:37,879 basehttp 8409 6165278720 "GET /static/admin/js/nav_sidebar.js HTTP/1.1" 304 0
INFO 2025-04-04 21:08:37,885 basehttp 8409 12935360512 "GET /static/admin/js/theme.js HTTP/1.1" 304 0
ERROR 2025-04-04 21:08:42,386 log 8409 6165278720 Internal Server Error: /admin/login/
Traceback (most recent call last):
  File "/Users/dev2/.pyenv/versions/3.10.7/lib/python3.10/site-packages/django_redis/cache.py", line 29, in _decorator
    return method(self, *args, **kwargs)
  File "/Users/dev2/.pyenv/versions/3.10.7/lib/python3.10/site-packages/django_redis/cache.py", line 138, in has_key
    return self.client.has_key(*args, **kwargs)
  File "/Users/dev2/.pyenv/versions/3.10.7/lib/python3.10/site-packages/django_redis/client/default.py", line 670, in has_key
    raise ConnectionInterrupted(connection=client) from e
django_redis.exceptions.ConnectionInterrupted: Redis ConnectionError: Error 61 connecting to localhost:6379. Connection refused.

During handling of the above exception, another exception occurred:

Traceback (most recent call last):
  File "/Users/dev2/.pyenv/versions/3.10.7/lib/python3.10/site-packages/django/core/handlers/exception.py", line 55, in inner
    response = get_response(request)
  File "/Users/dev2/.pyenv/versions/3.10.7/lib/python3.10/site-packages/django/core/handlers/base.py", line 197, in _get_response
    response = wrapped_callback(request, *callback_args, **callback_kwargs)
  File "/Users/dev2/.pyenv/versions/3.10.7/lib/python3.10/site-packages/django/utils/decorators.py", line 46, in _wrapper
    return bound_method(*args, **kwargs)
  File "/Users/dev2/.pyenv/versions/3.10.7/lib/python3.10/site-packages/django/views/decorators/cache.py", line 62, in _wrapper_view_func
    response = view_func(request, *args, **kwargs)
  File "/Users/dev2/.pyenv/versions/3.10.7/lib/python3.10/site-packages/django/contrib/admin/sites.py", line 441, in login
    return LoginView.as_view(**defaults)(request)
  File "/Users/dev2/.pyenv/versions/3.10.7/lib/python3.10/site-packages/django/views/generic/base.py", line 104, in view
    return self.dispatch(request, *args, **kwargs)
  File "/Users/dev2/.pyenv/versions/3.10.7/lib/python3.10/site-packages/django/utils/decorators.py", line 46, in _wrapper
    return bound_method(*args, **kwargs)
  File "/Users/dev2/.pyenv/versions/3.10.7/lib/python3.10/site-packages/django/views/decorators/debug.py", line 92, in sensitive_post_parameters_wrapper
    return view(request, *args, **kwargs)
  File "/Users/dev2/.pyenv/versions/3.10.7/lib/python3.10/site-packages/django/utils/decorators.py", line 46, in _wrapper
    return bound_method(*args, **kwargs)
  File "/Users/dev2/.pyenv/versions/3.10.7/lib/python3.10/site-packages/django/utils/decorators.py", line 134, in _wrapper_view
    response = view_func(request, *args, **kwargs)
  File "/Users/dev2/.pyenv/versions/3.10.7/lib/python3.10/site-packages/django/utils/decorators.py", line 46, in _wrapper
    return bound_method(*args, **kwargs)
  File "/Users/dev2/.pyenv/versions/3.10.7/lib/python3.10/site-packages/django/views/decorators/cache.py", line 62, in _wrapper_view_func
    response = view_func(request, *args, **kwargs)
  File "/Users/dev2/.pyenv/versions/3.10.7/lib/python3.10/site-packages/django/contrib/auth/views.py", line 90, in dispatch
    return super().dispatch(request, *args, **kwargs)
  File "/Users/dev2/.pyenv/versions/3.10.7/lib/python3.10/site-packages/django/views/generic/base.py", line 143, in dispatch
    return handler(request, *args, **kwargs)
  File "/Users/dev2/.pyenv/versions/3.10.7/lib/python3.10/site-packages/django/views/generic/edit.py", line 153, in post
    return self.form_valid(form)
  File "/Users/dev2/.pyenv/versions/3.10.7/lib/python3.10/site-packages/django/contrib/auth/views.py", line 109, in form_valid
    auth_login(self.request, form.get_user())
  File "/Users/dev2/.pyenv/versions/3.10.7/lib/python3.10/site-packages/django/contrib/auth/__init__.py", line 118, in login
    request.session.cycle_key()
  File "/Users/dev2/.pyenv/versions/3.10.7/lib/python3.10/site-packages/django/contrib/sessions/backends/base.py", line 304, in cycle_key
    self.create()
  File "/Users/dev2/.pyenv/versions/3.10.7/lib/python3.10/site-packages/django/contrib/sessions/backends/cache.py", line 42, in create
    self._session_key = self._get_new_session_key()
  File "/Users/dev2/.pyenv/versions/3.10.7/lib/python3.10/site-packages/django/contrib/sessions/backends/base.py", line 150, in _get_new_session_key
    if not self.exists(session_key):
  File "/Users/dev2/.pyenv/versions/3.10.7/lib/python3.10/site-packages/django/contrib/sessions/backends/cache.py", line 73, in exists
    bool(session_key) and (self.cache_key_prefix + session_key) in self._cache
  File "/Users/dev2/.pyenv/versions/3.10.7/lib/python3.10/site-packages/django/core/cache/backends/base.py", line 299, in __contains__
    return self.has_key(key)
  File "/Users/dev2/.pyenv/versions/3.10.7/lib/python3.10/site-packages/django_redis/cache.py", line 36, in _decorator
    raise e.__cause__
  File "/Users/dev2/.pyenv/versions/3.10.7/lib/python3.10/site-packages/django_redis/client/default.py", line 668, in has_key
    return client.exists(key) == 1
  File "/Users/dev2/.pyenv/versions/3.10.7/lib/python3.10/site-packages/redis/commands/core.py", line 1736, in exists
    return self.execute_command("EXISTS", *names)
  File "/Users/dev2/.pyenv/versions/3.10.7/lib/python3.10/site-packages/redis/client.py", line 533, in execute_command
    conn = self.connection or pool.get_connection(command_name, **options)
  File "/Users/dev2/.pyenv/versions/3.10.7/lib/python3.10/site-packages/redis/connection.py", line 1086, in get_connection
    connection.connect()
  File "/Users/dev2/.pyenv/versions/3.10.7/lib/python3.10/site-packages/redis/connection.py", line 270, in connect
    raise ConnectionError(self._error_message(e))
redis.exceptions.ConnectionError: Error 61 connecting to localhost:6379. Connection refused.
ERROR 2025-04-04 21:08:42,389 basehttp 8409 6165278720 "POST /admin/login/?next=/admin/users/user/ HTTP/1.1" 500 192299
ERROR 2025-04-04 21:08:46,925 log 8409 6165278720 Internal Server Error: /admin/login/
Traceback (most recent call last):
  File "/Users/dev2/.pyenv/versions/3.10.7/lib/python3.10/site-packages/django_redis/cache.py", line 29, in _decorator
    return method(self, *args, **kwargs)
  File "/Users/dev2/.pyenv/versions/3.10.7/lib/python3.10/site-packages/django_redis/cache.py", line 138, in has_key
    return self.client.has_key(*args, **kwargs)
  File "/Users/dev2/.pyenv/versions/3.10.7/lib/python3.10/site-packages/django_redis/client/default.py", line 670, in has_key
    raise ConnectionInterrupted(connection=client) from e
django_redis.exceptions.ConnectionInterrupted: Redis ConnectionError: Error 61 connecting to localhost:6379. Connection refused.

During handling of the above exception, another exception occurred:

Traceback (most recent call last):
  File "/Users/dev2/.pyenv/versions/3.10.7/lib/python3.10/site-packages/django/core/handlers/exception.py", line 55, in inner
    response = get_response(request)
  File "/Users/dev2/.pyenv/versions/3.10.7/lib/python3.10/site-packages/django/core/handlers/base.py", line 197, in _get_response
    response = wrapped_callback(request, *callback_args, **callback_kwargs)
  File "/Users/dev2/.pyenv/versions/3.10.7/lib/python3.10/site-packages/django/utils/decorators.py", line 46, in _wrapper
    return bound_method(*args, **kwargs)
  File "/Users/dev2/.pyenv/versions/3.10.7/lib/python3.10/site-packages/django/views/decorators/cache.py", line 62, in _wrapper_view_func
    response = view_func(request, *args, **kwargs)
  File "/Users/dev2/.pyenv/versions/3.10.7/lib/python3.10/site-packages/django/contrib/admin/sites.py", line 441, in login
    return LoginView.as_view(**defaults)(request)
  File "/Users/dev2/.pyenv/versions/3.10.7/lib/python3.10/site-packages/django/views/generic/base.py", line 104, in view
    return self.dispatch(request, *args, **kwargs)
  File "/Users/dev2/.pyenv/versions/3.10.7/lib/python3.10/site-packages/django/utils/decorators.py", line 46, in _wrapper
    return bound_method(*args, **kwargs)
  File "/Users/dev2/.pyenv/versions/3.10.7/lib/python3.10/site-packages/django/views/decorators/debug.py", line 92, in sensitive_post_parameters_wrapper
    return view(request, *args, **kwargs)
  File "/Users/dev2/.pyenv/versions/3.10.7/lib/python3.10/site-packages/django/utils/decorators.py", line 46, in _wrapper
    return bound_method(*args, **kwargs)
  File "/Users/dev2/.pyenv/versions/3.10.7/lib/python3.10/site-packages/django/utils/decorators.py", line 134, in _wrapper_view
    response = view_func(request, *args, **kwargs)
  File "/Users/dev2/.pyenv/versions/3.10.7/lib/python3.10/site-packages/django/utils/decorators.py", line 46, in _wrapper
    return bound_method(*args, **kwargs)
  File "/Users/dev2/.pyenv/versions/3.10.7/lib/python3.10/site-packages/django/views/decorators/cache.py", line 62, in _wrapper_view_func
    response = view_func(request, *args, **kwargs)
  File "/Users/dev2/.pyenv/versions/3.10.7/lib/python3.10/site-packages/django/contrib/auth/views.py", line 90, in dispatch
    return super().dispatch(request, *args, **kwargs)
  File "/Users/dev2/.pyenv/versions/3.10.7/lib/python3.10/site-packages/django/views/generic/base.py", line 143, in dispatch
    return handler(request, *args, **kwargs)
  File "/Users/dev2/.pyenv/versions/3.10.7/lib/python3.10/site-packages/django/views/generic/edit.py", line 153, in post
    return self.form_valid(form)
  File "/Users/dev2/.pyenv/versions/3.10.7/lib/python3.10/site-packages/django/contrib/auth/views.py", line 109, in form_valid
    auth_login(self.request, form.get_user())
  File "/Users/dev2/.pyenv/versions/3.10.7/lib/python3.10/site-packages/django/contrib/auth/__init__.py", line 118, in login
    request.session.cycle_key()
  File "/Users/dev2/.pyenv/versions/3.10.7/lib/python3.10/site-packages/django/contrib/sessions/backends/base.py", line 304, in cycle_key
    self.create()
  File "/Users/dev2/.pyenv/versions/3.10.7/lib/python3.10/site-packages/django/contrib/sessions/backends/cache.py", line 42, in create
    self._session_key = self._get_new_session_key()
  File "/Users/dev2/.pyenv/versions/3.10.7/lib/python3.10/site-packages/django/contrib/sessions/backends/base.py", line 150, in _get_new_session_key
    if not self.exists(session_key):
  File "/Users/dev2/.pyenv/versions/3.10.7/lib/python3.10/site-packages/django/contrib/sessions/backends/cache.py", line 73, in exists
    bool(session_key) and (self.cache_key_prefix + session_key) in self._cache
  File "/Users/dev2/.pyenv/versions/3.10.7/lib/python3.10/site-packages/django/core/cache/backends/base.py", line 299, in __contains__
    return self.has_key(key)
  File "/Users/dev2/.pyenv/versions/3.10.7/lib/python3.10/site-packages/django_redis/cache.py", line 36, in _decorator
    raise e.__cause__
  File "/Users/dev2/.pyenv/versions/3.10.7/lib/python3.10/site-packages/django_redis/client/default.py", line 668, in has_key
    return client.exists(key) == 1
  File "/Users/dev2/.pyenv/versions/3.10.7/lib/python3.10/site-packages/redis/commands/core.py", line 1736, in exists
    return self.execute_command("EXISTS", *names)
  File "/Users/dev2/.pyenv/versions/3.10.7/lib/python3.10/site-packages/redis/client.py", line 533, in execute_command
    conn = self.connection or pool.get_connection(command_name, **options)
  File "/Users/dev2/.pyenv/versions/3.10.7/lib/python3.10/site-packages/redis/connection.py", line 1086, in get_connection
    connection.connect()
  File "/Users/dev2/.pyenv/versions/3.10.7/lib/python3.10/site-packages/redis/connection.py", line 270, in connect
    raise ConnectionError(self._error_message(e))
redis.exceptions.ConnectionError: Error 61 connecting to localhost:6379. Connection refused.
ERROR 2025-04-04 21:08:46,927 basehttp 8409 6165278720 "POST /admin/login/?next=/admin/users/user/ HTTP/1.1" 500 192299
INFO 2025-04-04 21:09:04,558 autoreload 8409 8157100096 /Users/dev2/Documents/Productivity Software/productivity_software/authentication/urls.py changed, reloading.
INFO 2025-04-04 21:09:05,496 autoreload 9120 8157100096 Watching for file changes with StatReloader
INFO 2025-04-04 21:09:32,901 autoreload 9120 8157100096 /Users/dev2/Documents/Productivity Software/productivity_software/users/models.py changed, reloading.
INFO 2025-04-04 21:09:33,947 autoreload 9394 8157100096 Watching for file changes with StatReloader
WARNING 2025-04-04 21:11:46,141 log 10675 8157100096 Bad Request: /api/auth/register/
WARNING 2025-04-04 21:11:46,168 log 10675 8157100096 Bad Request: /api/auth/register/
WARNING 2025-04-04 21:11:47,536 log 10675 8157100096 Unauthorized: /api/auth/login/
WARNING 2025-04-04 21:11:47,889 log 10675 8157100096 Forbidden: /api/auth/login/
WARNING 2025-04-04 21:11:48,802 log 10675 8157100096 Unauthorized: /api/auth/login/
ERROR 2025-04-04 21:11:53,532 log 9394 6166933504 Internal Server Error: /admin/login/
Traceback (most recent call last):
  File "/Users/dev2/.pyenv/versions/3.10.7/lib/python3.10/site-packages/django_redis/cache.py", line 29, in _decorator
    return method(self, *args, **kwargs)
  File "/Users/dev2/.pyenv/versions/3.10.7/lib/python3.10/site-packages/django_redis/cache.py", line 138, in has_key
    return self.client.has_key(*args, **kwargs)
  File "/Users/dev2/.pyenv/versions/3.10.7/lib/python3.10/site-packages/django_redis/client/default.py", line 670, in has_key
    raise ConnectionInterrupted(connection=client) from e
django_redis.exceptions.ConnectionInterrupted: Redis ConnectionError: Error 61 connecting to localhost:6379. Connection refused.

During handling of the above exception, another exception occurred:

Traceback (most recent call last):
  File "/Users/dev2/.pyenv/versions/3.10.7/lib/python3.10/site-packages/django/core/handlers/exception.py", line 55, in inner
    response = get_response(request)
  File "/Users/dev2/.pyenv/versions/3.10.7/lib/python3.10/site-packages/django/core/handlers/base.py", line 197, in _get_response
    response = wrapped_callback(request, *callback_args, **callback_kwargs)
  File "/Users/dev2/.pyenv/versions/3.10.7/lib/python3.10/site-packages/django/utils/decorators.py", line 46, in _wrapper
    return bound_method(*args, **kwargs)
  File "/Users/dev2/.pyenv/versions/3.10.7/lib/python3.10/site-packages/django/views/decorators/cache.py", line 62, in _wrapper_view_func
    response = view_func(request, *args, **kwargs)
  File "/Users/dev2/.pyenv/versions/3.10.7/lib/python3.10/site-packages/django/contrib/admin/sites.py", line 441, in login
    return LoginView.as_view(**defaults)(request)
  File "/Users/dev2/.pyenv/versions/3.10.7/lib/python3.10/site-packages/django/views/generic/base.py", line 104, in view
    return self.dispatch(request, *args, **kwargs)
  File "/Users/dev2/.pyenv/versions/3.10.7/lib/python3.10/site-packages/django/utils/decorators.py", line 46, in _wrapper
    return bound_method(*args, **kwargs)
  File "/Users/dev2/.pyenv/versions/3.10.7/lib/python3.10/site-packages/django/views/decorators/debug.py", line 92, in sensitive_post_parameters_wrapper
    return view(request, *args, **kwargs)
  File "/Users/dev2/.pyenv/versions/3.10.7/lib/python3.10/site-packages/django/utils/decorators.py", line 46, in _wrapper
    return bound_method(*args, **kwargs)
  File "/Users/dev2/.pyenv/versions/3.10.7/lib/python3.10/site-packages/django/utils/decorators.py", line 134, in _wrapper_view
    response = view_func(request, *args, **kwargs)
  File "/Users/dev2/.pyenv/versions/3.10.7/lib/python3.10/site-packages/django/utils/decorators.py", line 46, in _wrapper
    return bound_method(*args, **kwargs)
  File "/Users/dev2/.pyenv/versions/3.10.7/lib/python3.10/site-packages/django/views/decorators/cache.py", line 62, in _wrapper_view_func
    response = view_func(request, *args, **kwargs)
  File "/Users/dev2/.pyenv/versions/3.10.7/lib/python3.10/site-packages/django/contrib/auth/views.py", line 90, in dispatch
    return super().dispatch(request, *args, **kwargs)
  File "/Users/dev2/.pyenv/versions/3.10.7/lib/python3.10/site-packages/django/views/generic/base.py", line 143, in dispatch
    return handler(request, *args, **kwargs)
  File "/Users/dev2/.pyenv/versions/3.10.7/lib/python3.10/site-packages/django/views/generic/edit.py", line 153, in post
    return self.form_valid(form)
  File "/Users/dev2/.pyenv/versions/3.10.7/lib/python3.10/site-packages/django/contrib/auth/views.py", line 109, in form_valid
    auth_login(self.request, form.get_user())
  File "/Users/dev2/.pyenv/versions/3.10.7/lib/python3.10/site-packages/django/contrib/auth/__init__.py", line 118, in login
    request.session.cycle_key()
  File "/Users/dev2/.pyenv/versions/3.10.7/lib/python3.10/site-packages/django/contrib/sessions/backends/base.py", line 304, in cycle_key
    self.create()
  File "/Users/dev2/.pyenv/versions/3.10.7/lib/python3.10/site-packages/django/contrib/sessions/backends/cache.py", line 42, in create
    self._session_key = self._get_new_session_key()
  File "/Users/dev2/.pyenv/versions/3.10.7/lib/python3.10/site-packages/django/contrib/sessions/backends/base.py", line 150, in _get_new_session_key
    if not self.exists(session_key):
  File "/Users/dev2/.pyenv/versions/3.10.7/lib/python3.10/site-packages/django/contrib/sessions/backends/cache.py", line 73, in exists
    bool(session_key) and (self.cache_key_prefix + session_key) in self._cache
  File "/Users/dev2/.pyenv/versions/3.10.7/lib/python3.10/site-packages/django/core/cache/backends/base.py", line 299, in __contains__
    return self.has_key(key)
  File "/Users/dev2/.pyenv/versions/3.10.7/lib/python3.10/site-packages/django_redis/cache.py", line 36, in _decorator
    raise e.__cause__
  File "/Users/dev2/.pyenv/versions/3.10.7/lib/python3.10/site-packages/django_redis/client/default.py", line 668, in has_key
    return client.exists(key) == 1
  File "/Users/dev2/.pyenv/versions/3.10.7/lib/python3.10/site-packages/redis/commands/core.py", line 1736, in exists
    return self.execute_command("EXISTS", *names)
  File "/Users/dev2/.pyenv/versions/3.10.7/lib/python3.10/site-packages/redis/client.py", line 533, in execute_command
    conn = self.connection or pool.get_connection(command_name, **options)
  File "/Users/dev2/.pyenv/versions/3.10.7/lib/python3.10/site-packages/redis/connection.py", line 1086, in get_connection
    connection.connect()
  File "/Users/dev2/.pyenv/versions/3.10.7/lib/python3.10/site-packages/redis/connection.py", line 270, in connect
    raise ConnectionError(self._error_message(e))
redis.exceptions.ConnectionError: Error 61 connecting to localhost:6379. Connection refused.
ERROR 2025-04-04 21:11:53,548 basehttp 9394 6166933504 "POST /admin/login/?next=/admin/users/user/ HTTP/1.1" 500 192299
INFO 2025-04-04 21:11:56,938 basehttp 9394 6166933504 "GET /admin/ HTTP/1.1" 302 0
INFO 2025-04-04 21:11:57,157 basehttp 9394 6166933504 "GET /admin/login/?next=/admin/ HTTP/1.1" 200 4181
INFO 2025-04-04 21:11:57,379 basehttp 9394 6166933504 "GET /static/admin/css/dark_mode.css HTTP/1.1" 304 0
INFO 2025-04-04 21:11:57,404 basehttp 9394 6166933504 "GET /static/admin/css/responsive.css HTTP/1.1" 304 0
INFO 2025-04-04 21:11:57,420 basehttp 9394 6183759872 "GET /static/admin/css/nav_sidebar.css HTTP/1.1" 304 0
INFO 2025-04-04 21:11:57,420 basehttp 9394 6200586240 "GET /static/admin/css/base.css HTTP/1.1" 304 0
INFO 2025-04-04 21:11:57,545 basehttp 9394 6217412608 "GET /static/admin/css/login.css HTTP/1.1" 304 0
INFO 2025-04-04 21:11:57,571 basehttp 9394 6200586240 "GET /static/admin/js/nav_sidebar.js HTTP/1.1" 304 0
INFO 2025-04-04 21:11:57,635 basehttp 9394 6183759872 "GET /static/admin/js/theme.js HTTP/1.1" 304 0
ERROR 2025-04-04 21:12:02,413 log 9394 6166933504 Internal Server Error: /admin/login/
Traceback (most recent call last):
  File "/Users/dev2/.pyenv/versions/3.10.7/lib/python3.10/site-packages/django_redis/cache.py", line 29, in _decorator
    return method(self, *args, **kwargs)
  File "/Users/dev2/.pyenv/versions/3.10.7/lib/python3.10/site-packages/django_redis/cache.py", line 138, in has_key
    return self.client.has_key(*args, **kwargs)
  File "/Users/dev2/.pyenv/versions/3.10.7/lib/python3.10/site-packages/django_redis/client/default.py", line 670, in has_key
    raise ConnectionInterrupted(connection=client) from e
django_redis.exceptions.ConnectionInterrupted: Redis ConnectionError: Error 61 connecting to localhost:6379. Connection refused.

During handling of the above exception, another exception occurred:

Traceback (most recent call last):
  File "/Users/dev2/.pyenv/versions/3.10.7/lib/python3.10/site-packages/django/core/handlers/exception.py", line 55, in inner
    response = get_response(request)
  File "/Users/dev2/.pyenv/versions/3.10.7/lib/python3.10/site-packages/django/core/handlers/base.py", line 197, in _get_response
    response = wrapped_callback(request, *callback_args, **callback_kwargs)
  File "/Users/dev2/.pyenv/versions/3.10.7/lib/python3.10/site-packages/django/utils/decorators.py", line 46, in _wrapper
    return bound_method(*args, **kwargs)
  File "/Users/dev2/.pyenv/versions/3.10.7/lib/python3.10/site-packages/django/views/decorators/cache.py", line 62, in _wrapper_view_func
    response = view_func(request, *args, **kwargs)
  File "/Users/dev2/.pyenv/versions/3.10.7/lib/python3.10/site-packages/django/contrib/admin/sites.py", line 441, in login
    return LoginView.as_view(**defaults)(request)
  File "/Users/dev2/.pyenv/versions/3.10.7/lib/python3.10/site-packages/django/views/generic/base.py", line 104, in view
    return self.dispatch(request, *args, **kwargs)
  File "/Users/dev2/.pyenv/versions/3.10.7/lib/python3.10/site-packages/django/utils/decorators.py", line 46, in _wrapper
    return bound_method(*args, **kwargs)
  File "/Users/dev2/.pyenv/versions/3.10.7/lib/python3.10/site-packages/django/views/decorators/debug.py", line 92, in sensitive_post_parameters_wrapper
    return view(request, *args, **kwargs)
  File "/Users/dev2/.pyenv/versions/3.10.7/lib/python3.10/site-packages/django/utils/decorators.py", line 46, in _wrapper
    return bound_method(*args, **kwargs)
  File "/Users/dev2/.pyenv/versions/3.10.7/lib/python3.10/site-packages/django/utils/decorators.py", line 134, in _wrapper_view
    response = view_func(request, *args, **kwargs)
  File "/Users/dev2/.pyenv/versions/3.10.7/lib/python3.10/site-packages/django/utils/decorators.py", line 46, in _wrapper
    return bound_method(*args, **kwargs)
  File "/Users/dev2/.pyenv/versions/3.10.7/lib/python3.10/site-packages/django/views/decorators/cache.py", line 62, in _wrapper_view_func
    response = view_func(request, *args, **kwargs)
  File "/Users/dev2/.pyenv/versions/3.10.7/lib/python3.10/site-packages/django/contrib/auth/views.py", line 90, in dispatch
    return super().dispatch(request, *args, **kwargs)
  File "/Users/dev2/.pyenv/versions/3.10.7/lib/python3.10/site-packages/django/views/generic/base.py", line 143, in dispatch
    return handler(request, *args, **kwargs)
  File "/Users/dev2/.pyenv/versions/3.10.7/lib/python3.10/site-packages/django/views/generic/edit.py", line 153, in post
    return self.form_valid(form)
  File "/Users/dev2/.pyenv/versions/3.10.7/lib/python3.10/site-packages/django/contrib/auth/views.py", line 109, in form_valid
    auth_login(self.request, form.get_user())
  File "/Users/dev2/.pyenv/versions/3.10.7/lib/python3.10/site-packages/django/contrib/auth/__init__.py", line 118, in login
    request.session.cycle_key()
  File "/Users/dev2/.pyenv/versions/3.10.7/lib/python3.10/site-packages/django/contrib/sessions/backends/base.py", line 304, in cycle_key
    self.create()
  File "/Users/dev2/.pyenv/versions/3.10.7/lib/python3.10/site-packages/django/contrib/sessions/backends/cache.py", line 42, in create
    self._session_key = self._get_new_session_key()
  File "/Users/dev2/.pyenv/versions/3.10.7/lib/python3.10/site-packages/django/contrib/sessions/backends/base.py", line 150, in _get_new_session_key
    if not self.exists(session_key):
  File "/Users/dev2/.pyenv/versions/3.10.7/lib/python3.10/site-packages/django/contrib/sessions/backends/cache.py", line 73, in exists
    bool(session_key) and (self.cache_key_prefix + session_key) in self._cache
  File "/Users/dev2/.pyenv/versions/3.10.7/lib/python3.10/site-packages/django/core/cache/backends/base.py", line 299, in __contains__
    return self.has_key(key)
  File "/Users/dev2/.pyenv/versions/3.10.7/lib/python3.10/site-packages/django_redis/cache.py", line 36, in _decorator
    raise e.__cause__
  File "/Users/dev2/.pyenv/versions/3.10.7/lib/python3.10/site-packages/django_redis/client/default.py", line 668, in has_key
    return client.exists(key) == 1
  File "/Users/dev2/.pyenv/versions/3.10.7/lib/python3.10/site-packages/redis/commands/core.py", line 1736, in exists
    return self.execute_command("EXISTS", *names)
  File "/Users/dev2/.pyenv/versions/3.10.7/lib/python3.10/site-packages/redis/client.py", line 533, in execute_command
    conn = self.connection or pool.get_connection(command_name, **options)
  File "/Users/dev2/.pyenv/versions/3.10.7/lib/python3.10/site-packages/redis/connection.py", line 1086, in get_connection
    connection.connect()
  File "/Users/dev2/.pyenv/versions/3.10.7/lib/python3.10/site-packages/redis/connection.py", line 270, in connect
    raise ConnectionError(self._error_message(e))
redis.exceptions.ConnectionError: Error 61 connecting to localhost:6379. Connection refused.
ERROR 2025-04-04 21:12:02,441 basehttp 9394 6166933504 "POST /admin/login/?next=/admin/ HTTP/1.1" 500 192024
INFO 2025-04-04 21:12:04,206 basehttp 9394 6166933504 "GET /api/auth/ HTTP/1.1" 200 7575
INFO 2025-04-04 21:12:04,421 basehttp 9394 6200586240 "GET /static/rest_framework/css/bootstrap-tweaks.css HTTP/1.1" 304 0
INFO 2025-04-04 21:12:04,426 basehttp 9394 6217412608 "GET /static/rest_framework/js/csrf.js HTTP/1.1" 304 0
INFO 2025-04-04 21:12:04,434 basehttp 9394 6166933504 "GET /static/rest_framework/js/jquery-3.5.1.min.js HTTP/1.1" 304 0
INFO 2025-04-04 21:12:04,439 basehttp 9394 6183759872 "GET /static/rest_framework/css/bootstrap.min.css HTTP/1.1" 304 0
INFO 2025-04-04 21:12:04,443 basehttp 9394 6234238976 "GET /static/rest_framework/css/default.css HTTP/1.1" 304 0
INFO 2025-04-04 21:12:04,461 basehttp 9394 6166933504 "GET /static/rest_framework/js/bootstrap.min.js HTTP/1.1" 304 0
INFO 2025-04-04 21:12:04,463 basehttp 9394 6217412608 "GET /static/rest_framework/js/default.js HTTP/1.1" 304 0
INFO 2025-04-04 21:12:04,464 basehttp 9394 6200586240 "GET /static/rest_framework/css/prettify.css HTTP/1.1" 304 0
INFO 2025-04-04 21:12:04,469 basehttp 9394 6251065344 "GET /static/rest_framework/js/ajax-form.js HTTP/1.1" 304 0
INFO 2025-04-04 21:12:04,474 basehttp 9394 6183759872 "GET /static/rest_framework/js/prettify-min.js HTTP/1.1" 304 0
INFO 2025-04-04 21:12:05,746 basehttp 9394 6183759872 "GET /api/docs/ HTTP/1.1" 200 4467
INFO 2025-04-04 21:12:07,251 basehttp 9394 6183759872 "GET /api/schema/ HTTP/1.1" 200 17317
WARNING 2025-04-04 21:12:28,309 log 11097 8157100096 Bad Request: /api/auth/register/
WARNING 2025-04-04 21:12:28,334 log 11097 8157100096 Bad Request: /api/auth/register/
WARNING 2025-04-04 21:12:29,603 log 11097 8157100096 Unauthorized: /api/auth/login/
WARNING 2025-04-04 21:12:29,997 log 11097 8157100096 Forbidden: /api/auth/login/
WARNING 2025-04-04 21:12:31,033 log 11097 8157100096 Unauthorized: /api/auth/login/
WARNING 2025-04-04 21:12:34,271 log 11097 8157100096 Unauthorized: /api/auth/token/refresh/
WARNING 2025-04-04 21:12:35,245 log 11097 8157100096 Bad Request: /api/auth/logout/
WARNING 2025-04-04 21:12:36,963 log 11097 8157100096 Bad Request: /api/auth/password/reset/confirm/
WARNING 2025-04-04 21:12:40,105 log 11097 8157100096 Unauthorized: /api/auth/login/
WARNING 2025-04-04 21:13:10,574 log 11497 8157100096 Bad Request: /api/auth/register/
WARNING 2025-04-04 21:13:10,594 log 11497 8157100096 Bad Request: /api/auth/register/
WARNING 2025-04-04 21:13:11,969 log 11497 8157100096 Unauthorized: /api/auth/login/
WARNING 2025-04-04 21:13:12,373 log 11497 8157100096 Forbidden: /api/auth/login/
WARNING 2025-04-04 21:13:13,353 log 11497 8157100096 Unauthorized: /api/auth/login/
WARNING 2025-04-04 21:13:16,250 log 11497 8157100096 Unauthorized: /api/auth/token/refresh/
WARNING 2025-04-04 21:13:17,065 log 11497 8157100096 Bad Request: /api/auth/logout/
WARNING 2025-04-04 21:13:18,812 log 11497 8157100096 Bad Request: /api/auth/password/reset/confirm/
WARNING 2025-04-04 21:13:21,743 log 11497 8157100096 Bad Request: /api/auth/logout/
ERROR 2025-04-04 21:14:29,250 log 9394 6166933504 Internal Server Error: /admin/login/
Traceback (most recent call last):
  File "/Users/dev2/.pyenv/versions/3.10.7/lib/python3.10/site-packages/django_redis/cache.py", line 29, in _decorator
    return method(self, *args, **kwargs)
  File "/Users/dev2/.pyenv/versions/3.10.7/lib/python3.10/site-packages/django_redis/cache.py", line 138, in has_key
    return self.client.has_key(*args, **kwargs)
  File "/Users/dev2/.pyenv/versions/3.10.7/lib/python3.10/site-packages/django_redis/client/default.py", line 670, in has_key
    raise ConnectionInterrupted(connection=client) from e
django_redis.exceptions.ConnectionInterrupted: Redis ConnectionError: Error 61 connecting to localhost:6379. Connection refused.

During handling of the above exception, another exception occurred:

Traceback (most recent call last):
  File "/Users/dev2/.pyenv/versions/3.10.7/lib/python3.10/site-packages/django/core/handlers/exception.py", line 55, in inner
    response = get_response(request)
  File "/Users/dev2/.pyenv/versions/3.10.7/lib/python3.10/site-packages/django/core/handlers/base.py", line 197, in _get_response
    response = wrapped_callback(request, *callback_args, **callback_kwargs)
  File "/Users/dev2/.pyenv/versions/3.10.7/lib/python3.10/site-packages/django/utils/decorators.py", line 46, in _wrapper
    return bound_method(*args, **kwargs)
  File "/Users/dev2/.pyenv/versions/3.10.7/lib/python3.10/site-packages/django/views/decorators/cache.py", line 62, in _wrapper_view_func
    response = view_func(request, *args, **kwargs)
  File "/Users/dev2/.pyenv/versions/3.10.7/lib/python3.10/site-packages/django/contrib/admin/sites.py", line 441, in login
    return LoginView.as_view(**defaults)(request)
  File "/Users/dev2/.pyenv/versions/3.10.7/lib/python3.10/site-packages/django/views/generic/base.py", line 104, in view
    return self.dispatch(request, *args, **kwargs)
  File "/Users/dev2/.pyenv/versions/3.10.7/lib/python3.10/site-packages/django/utils/decorators.py", line 46, in _wrapper
    return bound_method(*args, **kwargs)
  File "/Users/dev2/.pyenv/versions/3.10.7/lib/python3.10/site-packages/django/views/decorators/debug.py", line 92, in sensitive_post_parameters_wrapper
    return view(request, *args, **kwargs)
  File "/Users/dev2/.pyenv/versions/3.10.7/lib/python3.10/site-packages/django/utils/decorators.py", line 46, in _wrapper
    return bound_method(*args, **kwargs)
  File "/Users/dev2/.pyenv/versions/3.10.7/lib/python3.10/site-packages/django/utils/decorators.py", line 134, in _wrapper_view
    response = view_func(request, *args, **kwargs)
  File "/Users/dev2/.pyenv/versions/3.10.7/lib/python3.10/site-packages/django/utils/decorators.py", line 46, in _wrapper
    return bound_method(*args, **kwargs)
  File "/Users/dev2/.pyenv/versions/3.10.7/lib/python3.10/site-packages/django/views/decorators/cache.py", line 62, in _wrapper_view_func
    response = view_func(request, *args, **kwargs)
  File "/Users/dev2/.pyenv/versions/3.10.7/lib/python3.10/site-packages/django/contrib/auth/views.py", line 90, in dispatch
    return super().dispatch(request, *args, **kwargs)
  File "/Users/dev2/.pyenv/versions/3.10.7/lib/python3.10/site-packages/django/views/generic/base.py", line 143, in dispatch
    return handler(request, *args, **kwargs)
  File "/Users/dev2/.pyenv/versions/3.10.7/lib/python3.10/site-packages/django/views/generic/edit.py", line 153, in post
    return self.form_valid(form)
  File "/Users/dev2/.pyenv/versions/3.10.7/lib/python3.10/site-packages/django/contrib/auth/views.py", line 109, in form_valid
    auth_login(self.request, form.get_user())
  File "/Users/dev2/.pyenv/versions/3.10.7/lib/python3.10/site-packages/django/contrib/auth/__init__.py", line 118, in login
    request.session.cycle_key()
  File "/Users/dev2/.pyenv/versions/3.10.7/lib/python3.10/site-packages/django/contrib/sessions/backends/base.py", line 304, in cycle_key
    self.create()
  File "/Users/dev2/.pyenv/versions/3.10.7/lib/python3.10/site-packages/django/contrib/sessions/backends/cache.py", line 42, in create
    self._session_key = self._get_new_session_key()
  File "/Users/dev2/.pyenv/versions/3.10.7/lib/python3.10/site-packages/django/contrib/sessions/backends/base.py", line 150, in _get_new_session_key
    if not self.exists(session_key):
  File "/Users/dev2/.pyenv/versions/3.10.7/lib/python3.10/site-packages/django/contrib/sessions/backends/cache.py", line 73, in exists
    bool(session_key) and (self.cache_key_prefix + session_key) in self._cache
  File "/Users/dev2/.pyenv/versions/3.10.7/lib/python3.10/site-packages/django/core/cache/backends/base.py", line 299, in __contains__
    return self.has_key(key)
  File "/Users/dev2/.pyenv/versions/3.10.7/lib/python3.10/site-packages/django_redis/cache.py", line 36, in _decorator
    raise e.__cause__
  File "/Users/dev2/.pyenv/versions/3.10.7/lib/python3.10/site-packages/django_redis/client/default.py", line 668, in has_key
    return client.exists(key) == 1
  File "/Users/dev2/.pyenv/versions/3.10.7/lib/python3.10/site-packages/redis/commands/core.py", line 1736, in exists
    return self.execute_command("EXISTS", *names)
  File "/Users/dev2/.pyenv/versions/3.10.7/lib/python3.10/site-packages/redis/client.py", line 533, in execute_command
    conn = self.connection or pool.get_connection(command_name, **options)
  File "/Users/dev2/.pyenv/versions/3.10.7/lib/python3.10/site-packages/redis/connection.py", line 1086, in get_connection
    connection.connect()
  File "/Users/dev2/.pyenv/versions/3.10.7/lib/python3.10/site-packages/redis/connection.py", line 270, in connect
    raise ConnectionError(self._error_message(e))
redis.exceptions.ConnectionError: Error 61 connecting to localhost:6379. Connection refused.
ERROR 2025-04-04 21:14:29,253 basehttp 9394 6166933504 "POST /admin/login/?next=/admin/ HTTP/1.1" 500 192024
INFO 2025-04-04 21:15:32,439 autoreload 9394 8157100096 /Users/dev2/Documents/Productivity Software/productivity_software/productivity_software/settings.py changed, reloading.
INFO 2025-04-04 21:15:33,960 autoreload 12788 8157100096 Watching for file changes with StatReloader
INFO 2025-04-04 21:15:47,248 basehttp 12788 6124531712 "POST /admin/login/?next=/admin/ HTTP/1.1" 302 0
INFO 2025-04-04 21:15:47,348 basehttp 12788 6124531712 "GET /admin/ HTTP/1.1" 200 9044
INFO 2025-04-04 21:15:47,505 basehttp 12788 6124531712 "GET /static/admin/css/dark_mode.css HTTP/1.1" 304 0
INFO 2025-04-04 21:15:47,525 basehttp 12788 6158184448 "GET /static/admin/css/base.css HTTP/1.1" 304 0
INFO 2025-04-04 21:15:47,533 basehttp 12788 6175010816 "GET /static/admin/css/dashboard.css HTTP/1.1" 304 0
INFO 2025-04-04 21:15:47,535 basehttp 12788 6141358080 "GET /static/admin/css/nav_sidebar.css HTTP/1.1" 304 0
INFO 2025-04-04 21:15:47,608 basehttp 12788 6175010816 "GET /static/admin/js/nav_sidebar.js HTTP/1.1" 304 0
INFO 2025-04-04 21:15:47,628 basehttp 12788 6141358080 "GET /static/admin/js/theme.js HTTP/1.1" 304 0
INFO 2025-04-04 21:15:47,630 basehttp 12788 6191837184 "GET /static/admin/css/responsive.css HTTP/1.1" 304 0
INFO 2025-04-04 21:15:47,653 basehttp 12788 6141358080 "GET /static/admin/img/icon-addlink.svg HTTP/1.1" 304 0
INFO 2025-04-04 21:15:47,655 basehttp 12788 6191837184 "GET /static/admin/img/icon-changelink.svg HTTP/1.1" 304 0
INFO 2025-04-04 21:15:51,412 basehttp 12788 6191837184 "GET /api/auth/ HTTP/1.1" 200 7609
INFO 2025-04-04 21:15:51,708 basehttp 12788 6124531712 "GET /static/rest_framework/css/bootstrap-tweaks.css HTTP/1.1" 304 0
INFO 2025-04-04 21:15:51,709 basehttp 12788 6191837184 "GET /static/rest_framework/css/bootstrap.min.css HTTP/1.1" 304 0
INFO 2025-04-04 21:15:51,710 basehttp 12788 6141358080 "GET /static/rest_framework/css/prettify.css HTTP/1.1" 304 0
INFO 2025-04-04 21:15:51,723 basehttp 12788 6158184448 "GET /static/rest_framework/css/default.css HTTP/1.1" 304 0
INFO 2025-04-04 21:15:51,725 basehttp 12788 6141358080 "GET /static/rest_framework/js/prettify-min.js HTTP/1.1" 304 0
INFO 2025-04-04 21:15:51,730 basehttp 12788 6191837184 "GET /static/rest_framework/js/bootstrap.min.js HTTP/1.1" 304 0
INFO 2025-04-04 21:15:51,732 basehttp 12788 6158184448 "GET /static/rest_framework/js/default.js HTTP/1.1" 304 0
INFO 2025-04-04 21:15:51,733 basehttp 12788 6175010816 "GET /static/rest_framework/js/jquery-3.5.1.min.js HTTP/1.1" 304 0
INFO 2025-04-04 21:15:51,736 basehttp 12788 6208663552 "GET /static/rest_framework/js/ajax-form.js HTTP/1.1" 304 0
INFO 2025-04-04 21:15:51,737 basehttp 12788 6124531712 "GET /static/rest_framework/js/csrf.js HTTP/1.1" 304 0
INFO 2025-04-04 21:15:51,753 basehttp 12788 6208663552 "GET /static/rest_framework/img/grid.png HTTP/1.1" 304 0
INFO 2025-04-04 21:15:54,686 basehttp 12788 6208663552 "GET /api/docs/ HTTP/1.1" 200 4467
INFO 2025-04-04 21:15:56,850 basehttp 12788 6208663552 "GET /api/schema/ HTTP/1.1" 200 17317
WARNING 2025-04-04 21:16:21,520 log 12788 6124531712 Bad Request: /api/auth/register/
WARNING 2025-04-04 21:16:21,520 basehttp 12788 6124531712 "POST /api/auth/register/ HTTP/1.1" 400 162
INFO 2025-04-04 21:19:17,935 autoreload 12788 8157100096 /Users/dev2/Documents/Productivity Software/productivity_software/productivity_software/settings.py changed, reloading.
INFO 2025-04-04 21:19:19,167 autoreload 14665 8157100096 Watching for file changes with StatReloader
INFO 2025-04-04 21:31:37,427 autoreload 10 281473256714272 Watching for file changes with StatReloader
WARNING 2025-04-04 21:31:54,760 log 18 281472983031840 Unauthorized: /api/auth/login/
WARNING 2025-04-04 21:31:54,958 log 18 281472983031840 Forbidden: /api/auth/login/
WARNING 2025-04-04 21:31:55,399 log 18 281472983031840 Unauthorized: /api/auth/login/
WARNING 2025-04-04 21:31:57,616 log 18 281472983031840 Unauthorized: /api/auth/token/refresh/
WARNING 2025-04-04 21:31:58,060 log 18 281472983031840 Bad Request: /api/auth/logout/
WARNING 2025-04-04 21:31:59,031 log 18 281472983031840 Bad Request: /api/auth/password/reset/confirm/
WARNING 2025-04-04 21:31:59,778 log 18 281472983031840 Bad Request: /api/auth/register/
WARNING 2025-04-04 21:31:59,782 log 18 281472983031840 Bad Request: /api/auth/register/
WARNING 2025-04-04 21:32:17,777 log 30 281473261719584 Bad Request: /api/auth/register/
WARNING 2025-04-04 21:32:17,782 log 30 281473261719584 Bad Request: /api/auth/register/
WARNING 2025-04-04 21:32:18,539 log 30 281473261719584 Unauthorized: /api/auth/login/
WARNING 2025-04-04 21:32:18,779 log 30 281473261719584 Forbidden: /api/auth/login/
WARNING 2025-04-04 21:32:19,330 log 30 281473261719584 Unauthorized: /api/auth/login/
WARNING 2025-04-04 21:32:20,947 log 30 281473261719584 Unauthorized: /api/auth/token/refresh/
WARNING 2025-04-04 21:32:21,512 log 30 281473261719584 Bad Request: /api/auth/logout/
WARNING 2025-04-04 21:32:22,602 log 30 281473261719584 Bad Request: /api/auth/password/reset/confirm/
WARNING 2025-04-04 21:32:24,209 log 30 281473261719584 Bad Request: /api/auth/logout/
INFO 2025-04-04 21:32:30,054 basehttp 10 281473177416064 "GET /api/auth/ HTTP/1.1" 200 970
INFO 2025-04-04 21:33:23,429 basehttp 14665 6196277248 "GET /admin/ HTTP/1.1" 200 9044
INFO 2025-04-04 21:33:23,594 basehttp 14665 6196277248 "GET /static/admin/css/dark_mode.css HTTP/1.1" 304 0
INFO 2025-04-04 21:33:23,596 basehttp 14665 6213103616 "GET /static/admin/css/base.css HTTP/1.1" 304 0
INFO 2025-04-04 21:33:23,596 basehttp 14665 6229929984 "GET /static/admin/css/nav_sidebar.css HTTP/1.1" 304 0
INFO 2025-04-04 21:33:23,598 basehttp 14665 6246756352 "GET /static/admin/css/dashboard.css HTTP/1.1" 304 0
INFO 2025-04-04 21:33:23,598 basehttp 14665 6196277248 "GET /static/admin/css/responsive.css HTTP/1.1" 304 0
INFO 2025-04-04 21:33:23,625 basehttp 14665 6196277248 "GET /static/admin/js/theme.js HTTP/1.1" 304 0
INFO 2025-04-04 21:33:23,627 basehttp 14665 6246756352 "GET /static/admin/js/nav_sidebar.js HTTP/1.1" 304 0
INFO 2025-04-04 21:33:23,652 basehttp 14665 6246756352 "GET /static/admin/img/icon-addlink.svg HTTP/1.1" 304 0
INFO 2025-04-04 21:33:23,653 basehttp 14665 6196277248 "GET /static/admin/img/icon-changelink.svg HTTP/1.1" 304 0
INFO 2025-04-04 21:33:26,590 basehttp 14665 6196277248 "GET /api/auth/ HTTP/1.1" 200 7609
INFO 2025-04-04 21:33:26,697 basehttp 14665 6229929984 "GET /static/rest_framework/css/prettify.css HTTP/1.1" 304 0
INFO 2025-04-04 21:33:26,698 basehttp 14665 6196277248 "GET /static/rest_framework/css/bootstrap-tweaks.css HTTP/1.1" 304 0
INFO 2025-04-04 21:33:26,698 basehttp 14665 6213103616 "GET /static/rest_framework/css/bootstrap.min.css HTTP/1.1" 304 0
INFO 2025-04-04 21:33:26,711 basehttp 14665 6229929984 "GET /static/rest_framework/js/csrf.js HTTP/1.1" 304 0
INFO 2025-04-04 21:33:26,724 basehttp 14665 6263582720 "GET /static/rest_framework/js/jquery-3.5.1.min.js HTTP/1.1" 304 0
INFO 2025-04-04 21:33:26,732 basehttp 14665 6196277248 "GET /static/rest_framework/js/bootstrap.min.js HTTP/1.1" 304 0
INFO 2025-04-04 21:33:26,732 basehttp 14665 6246756352 "GET /static/rest_framework/css/default.css HTTP/1.1" 304 0
INFO 2025-04-04 21:33:26,740 basehttp 14665 6213103616 "GET /static/rest_framework/js/prettify-min.js HTTP/1.1" 304 0
INFO 2025-04-04 21:33:26,747 basehttp 14665 6229929984 "GET /static/rest_framework/js/default.js HTTP/1.1" 304 0
INFO 2025-04-04 21:33:26,752 basehttp 14665 6280409088 "GET /static/rest_framework/js/ajax-form.js HTTP/1.1" 304 0
INFO 2025-04-04 21:33:26,760 basehttp 14665 6229929984 "GET /static/rest_framework/img/grid.png HTTP/1.1" 304 0
INFO 2025-04-04 21:34:55,703 autoreload 10 281473535074336 Watching for file changes with StatReloader
INFO 2025-04-04 21:35:02,280 basehttp 10 281473454240128 "GET /api/auth/ HTTP/1.1" 200 970
INFO 2025-04-04 21:35:19,373 basehttp 10 281473454240128 "GET /admin/ HTTP/1.1" 200 9044
INFO 2025-04-04 21:35:21,660 basehttp 10 281473454240128 "GET /api/auth/ HTTP/1.1" 200 7609
INFO 2025-04-05 15:06:08,205 autoreload 10 281473535074336 /app/manage.py changed, reloading.
INFO 2025-04-05 15:06:09,842 autoreload 17 281473025245216 Watching for file changes with StatReloader
WARNING 2025-04-05 15:06:59,342 log 61637 8157100096 Bad Request: /api/auth/register/
WARNING 2025-04-05 15:06:59,348 log 61637 8157100096 Bad Request: /api/auth/register/
WARNING 2025-04-05 15:06:59,819 log 61637 8157100096 Unauthorized: /api/auth/login/
WARNING 2025-04-05 15:07:00,003 log 61637 8157100096 Forbidden: /api/auth/login/
WARNING 2025-04-05 15:07:00,370 log 61637 8157100096 Unauthorized: /api/auth/login/
WARNING 2025-04-05 15:07:01,449 log 61637 8157100096 Unauthorized: /api/auth/token/refresh/
WARNING 2025-04-05 15:07:01,761 log 61637 8157100096 Bad Request: /api/auth/logout/
WARNING 2025-04-05 15:07:02,378 log 61637 8157100096 Bad Request: /api/auth/password/reset/confirm/
WARNING 2025-04-05 15:07:03,328 log 61637 8157100096 Bad Request: /api/auth/logout/
INFO 2025-04-05 15:07:24,558 autoreload 62491 8157100096 Watching for file changes with StatReloader
INFO 2025-04-05 15:07:24,696 basehttp 62491 6158561280 "GET /api/auth/ HTTP/1.1" 200 970
INFO 2025-04-05 15:08:07,050 basehttp 17 281472944632192 "GET /admin/ HTTP/1.1" 200 9044
INFO 2025-04-05 15:08:07,127 basehttp 17 281472923660672 "GET /static/admin/css/dashboard.css HTTP/1.1" 200 441
INFO 2025-04-05 15:08:07,129 basehttp 17 281472913174912 "GET /static/admin/css/nav_sidebar.css HTTP/1.1" 200 2694
INFO 2025-04-05 15:08:07,130 basehttp 17 281472944632192 "GET /static/admin/css/base.css HTTP/1.1" 200 21310
INFO 2025-04-05 15:08:07,131 basehttp 17 281472934146432 "GET /static/admin/css/dark_mode.css HTTP/1.1" 200 2929
INFO 2025-04-05 15:08:07,132 basehttp 17 281472827191680 "GET /static/admin/css/responsive.css HTTP/1.1" 200 18559
INFO 2025-04-05 15:08:07,134 basehttp 17 281472944632192 "GET /static/admin/js/theme.js HTTP/1.1" 200 1943
INFO 2025-04-05 15:08:07,137 basehttp 17 281472827191680 "GET /static/admin/js/nav_sidebar.js HTTP/1.1" 200 3063
INFO 2025-04-05 15:08:07,142 basehttp 17 281472934146432 "GET /static/admin/img/icon-changelink.svg HTTP/1.1" 200 380
INFO 2025-04-05 15:08:07,142 basehttp 17 281472944632192 "GET /static/admin/img/icon-addlink.svg HTTP/1.1" 200 331
INFO 2025-04-05 15:08:08,935 basehttp 17 281472934146432 "GET /api/auth/register HTTP/1.1" 301 0
WARNING 2025-04-05 15:08:08,966 log 17 281472944632192 Method Not Allowed: /api/auth/register/
WARNING 2025-04-05 15:08:08,966 basehttp 17 281472944632192 "GET /api/auth/register/ HTTP/1.1" 405 5858
INFO 2025-04-05 15:08:12,443 basehttp 17 281472944632192 "GET /api/docs/ HTTP/1.1" 200 4467
INFO 2025-04-05 15:08:12,665 basehttp 17 281472944632192 "GET /api/schema/ HTTP/1.1" 200 17317
WARNING 2025-04-05 15:14:44,170 log 66540 8157100096 Bad Request: /api/auth/register/
WARNING 2025-04-05 15:14:44,177 log 66540 8157100096 Bad Request: /api/auth/register/
WARNING 2025-04-05 15:14:44,649 log 66540 8157100096 Unauthorized: /api/auth/login/
WARNING 2025-04-05 15:14:44,802 log 66540 8157100096 Forbidden: /api/auth/login/
WARNING 2025-04-05 15:14:45,116 log 66540 8157100096 Unauthorized: /api/auth/login/
WARNING 2025-04-05 15:14:46,058 log 66540 8157100096 Unauthorized: /api/auth/token/refresh/
WARNING 2025-04-05 15:14:46,372 log 66540 8157100096 Bad Request: /api/auth/logout/
WARNING 2025-04-05 15:14:46,988 log 66540 8157100096 Bad Request: /api/auth/password/reset/confirm/
WARNING 2025-04-05 15:14:47,917 log 66540 8157100096 Bad Request: /api/auth/logout/
WARNING 2025-04-05 15:18:35,705 log 68594 8157100096 Bad Request: /api/auth/register/
WARNING 2025-04-05 15:18:35,709 log 68594 8157100096 Bad Request: /api/auth/register/
WARNING 2025-04-05 15:18:36,174 log 68594 8157100096 Unauthorized: /api/auth/login/
WARNING 2025-04-05 15:18:36,327 log 68594 8157100096 Forbidden: /api/auth/login/
WARNING 2025-04-05 15:18:36,635 log 68594 8157100096 Unauthorized: /api/auth/login/
WARNING 2025-04-05 15:18:37,591 log 68594 8157100096 Unauthorized: /api/auth/token/refresh/
WARNING 2025-04-05 15:18:37,899 log 68594 8157100096 Bad Request: /api/auth/logout/
WARNING 2025-04-05 15:18:38,524 log 68594 8157100096 Bad Request: /api/auth/password/reset/confirm/
WARNING 2025-04-05 15:18:39,481 log 68594 8157100096 Bad Request: /api/auth/logout/
INFO 2025-04-05 15:19:05,450 autoreload 69546 8157100096 Watching for file changes with StatReloader
INFO 2025-04-05 15:19:05,610 basehttp 69546 6137851904 "GET /api/auth/ HTTP/1.1" 200 970
INFO 2025-04-05 15:19:31,351 basehttp 17 281472944632192 "GET /admin/ HTTP/1.1" 200 9044
WARNING 2025-04-05 15:19:33,631 log 17 281472944632192 Method Not Allowed: /api/auth/register/
WARNING 2025-04-05 15:19:33,632 basehttp 17 281472944632192 "GET /api/auth/register/ HTTP/1.1" 405 5858
INFO 2025-04-05 15:19:33,698 basehttp 17 281472923660672 "GET /static/rest_framework/js/ajax-form.js HTTP/1.1" 200 3597
INFO 2025-04-05 15:19:33,700 basehttp 17 281472827191680 "GET /static/rest_framework/css/bootstrap-tweaks.css HTTP/1.1" 200 3385
INFO 2025-04-05 15:19:33,701 basehttp 17 281472934146432 "GET /static/rest_framework/css/prettify.css HTTP/1.1" 200 817
INFO 2025-04-05 15:19:33,702 basehttp 17 281472913174912 "GET /static/rest_framework/css/default.css HTTP/1.1" 200 1152
INFO 2025-04-05 15:19:33,703 basehttp 17 281472816705920 "GET /static/rest_framework/js/jquery-3.5.1.min.js HTTP/1.1" 200 89476
INFO 2025-04-05 15:19:33,710 basehttp 17 281472827191680 "GET /static/rest_framework/js/default.js HTTP/1.1" 200 1268
INFO 2025-04-05 15:19:33,711 basehttp 17 281472913174912 "GET /static/rest_framework/js/prettify-min.js HTTP/1.1" 200 13632
INFO 2025-04-05 15:19:33,711 basehttp 17 281472923660672 "GET /static/rest_framework/js/csrf.js HTTP/1.1" 200 1719
INFO 2025-04-05 15:19:33,711 basehttp 17 281472934146432 "GET /static/rest_framework/js/bootstrap.min.js HTTP/1.1" 200 39680
INFO 2025-04-05 15:19:33,712 basehttp 17 281472944632192 "GET /static/rest_framework/css/bootstrap.min.css HTTP/1.1" 200 121457
INFO 2025-04-05 15:19:33,728 basehttp 17 281472934146432 "GET /static/rest_framework/img/grid.png HTTP/1.1" 200 1458
WARNING 2025-04-05 15:19:34,222 log 17 281472913174912 Method Not Allowed: /api/auth/register/
WARNING 2025-04-05 15:19:34,223 basehttp 17 281472913174912 "GET /api/auth/register/ HTTP/1.1" 405 5858
INFO 2025-04-05 15:19:36,146 basehttp 17 281472934146432 "GET /api/docs/ HTTP/1.1" 200 4467
INFO 2025-04-05 15:19:36,292 basehttp 17 281472934146432 "GET /api/schema/ HTTP/1.1" 200 17317
WARNING 2025-04-05 15:21:25,672 log 70878 8157100096 Bad Request: /api/auth/register/
WARNING 2025-04-05 15:21:25,676 log 70878 8157100096 Bad Request: /api/auth/register/
WARNING 2025-04-05 15:21:26,163 log 70878 8157100096 Unauthorized: /api/auth/login/
WARNING 2025-04-05 15:21:26,328 log 70878 8157100096 Forbidden: /api/auth/login/
WARNING 2025-04-05 15:21:26,647 log 70878 8157100096 Unauthorized: /api/auth/login/
WARNING 2025-04-05 15:21:27,615 log 70878 8157100096 Unauthorized: /api/auth/token/refresh/
WARNING 2025-04-05 15:21:27,932 log 70878 8157100096 Bad Request: /api/auth/logout/
WARNING 2025-04-05 15:21:28,571 log 70878 8157100096 Bad Request: /api/auth/password/reset/confirm/
WARNING 2025-04-05 15:21:29,938 log 70878 8157100096 Bad Request: /api/auth/logout/
INFO 2025-04-05 15:22:02,837 basehttp 17 281472934146432 "GET /api/docs/ HTTP/1.1" 200 4467
INFO 2025-04-05 15:22:02,977 basehttp 17 281472934146432 "GET /api/schema/ HTTP/1.1" 200 17317
WARNING 2025-04-05 15:22:04,874 log 17 281472827191680 Method Not Allowed: /api/auth/register/
WARNING 2025-04-05 15:22:04,875 basehttp 17 281472827191680 "GET /api/auth/register/ HTTP/1.1" 405 5858
INFO 2025-04-05 15:22:06,727 basehttp 17 281472827191680 "GET /admin/ HTTP/1.1" 200 9044
